<?xml version="1.0" encoding="UTF-8"?>
<!-- Generated by org.testng.reporters.JUnitReportReporter -->
<testsuite hostname="HP-AB-521TX" failures="0" tests="7" name="com.saurav.testcases.SimpleOrderTest" time="26.190" errors="0" timestamp="2021-04-13T12:49:05 IST" skipped="0">
  <testcase classname="com.saurav.testcases.SimpleOrderTest" name="addingProduct1" time="3.122"/>
  <system-out/>
  <testcase classname="com.saurav.testcases.SimpleOrderTest" name="addingProduct2" time="5.860"/>
  <system-out/>
  <testcase classname="com.saurav.testcases.SimpleOrderTest" name="clickOnSummaryPageCheckout" time="2.341"/>
  <system-out/>
  <testcase classname="com.saurav.testcases.SimpleOrderTest" name="clickOnAddressPageCheckout" time="1.932"/>
  <system-out/>
  <testcase classname="com.saurav.testcases.SimpleOrderTest" name="shippingPageTest" time="3.684"/>
  <system-out/>
  <testcase classname="com.saurav.testcases.SimpleOrderTest" name="paymentPageTest" time="8.999"/>
  <system-out/>
  <testcase classname="com.saurav.testcases.SimpleOrderTest" name="printOrderid" time="0.252"/>
  <system-out/>
</testsuite> <!-- com.saurav.testcases.SimpleOrderTest -->
