<?xml version="1.0" encoding="UTF-8"?>
<!-- Generated by org.testng.reporters.JUnitReportReporter -->
<testsuite hostname="HP-AB-521TX" failures="0" tests="2" name="com.saurav.testcases.HomePageTest" time="0.061" errors="0" timestamp="2021-04-13T12:17:00 IST" skipped="0">
  <testcase classname="com.saurav.testcases.HomePageTest" name="verifyHomePageTitle" time="0.025"/>
  <system-out/>
  <testcase classname="com.saurav.testcases.HomePageTest" name="verifyWebsiteEmail" time="0.036"/>
  <system-out/>
</testsuite> <!-- com.saurav.testcases.HomePageTest -->
