<?xml version="1.0" encoding="UTF-8"?>
<!-- Generated by org.testng.reporters.JUnitReportReporter -->
<testsuite hostname="HP-AB-521TX" failures="0" tests="7" name="com.saurav.testcases.PlaceOrder" time="20.246" errors="0" timestamp="2021-04-13T11:54:35 IST" skipped="0">
  <testcase classname="com.saurav.testcases.PlaceOrder" name="addingProduct1" time="1.401"/>
  <system-out/>
  <testcase classname="com.saurav.testcases.PlaceOrder" name="addingProduct2" time="4.290"/>
  <system-out/>
  <testcase classname="com.saurav.testcases.PlaceOrder" name="clickOnSummaryPageCheckout" time="2.511"/>
  <system-out/>
  <testcase classname="com.saurav.testcases.PlaceOrder" name="clickOnAddressPageCheckout" time="1.557"/>
  <system-out/>
  <testcase classname="com.saurav.testcases.PlaceOrder" name="shippingPageTest" time="3.721"/>
  <system-out/>
  <testcase classname="com.saurav.testcases.PlaceOrder" name="paymentPageTest" time="6.676"/>
  <system-out/>
  <testcase classname="com.saurav.testcases.PlaceOrder" name="printOrderid" time="0.090"/>
  <system-out/>
</testsuite> <!-- com.saurav.testcases.PlaceOrder -->
