<?xml version="1.0" encoding="UTF-8"?>
<!-- Generated by org.testng.reporters.JUnitReportReporter -->
<testsuite hostname="HP-AB-521TX" failures="0" tests="7" name="com.saurav.testcases.SimpleOrderTest" time="53.064" errors="0" timestamp="2021-04-13T12:10:27 IST" skipped="0">
  <testcase classname="com.saurav.testcases.SimpleOrderTest" name="addingProduct1" time="2.385"/>
  <system-out/>
  <testcase classname="com.saurav.testcases.SimpleOrderTest" name="addingProduct2" time="8.248"/>
  <system-out/>
  <testcase classname="com.saurav.testcases.SimpleOrderTest" name="clickOnSummaryPageCheckout" time="2.697"/>
  <system-out/>
  <testcase classname="com.saurav.testcases.SimpleOrderTest" name="clickOnAddressPageCheckout" time="2.807"/>
  <system-out/>
  <testcase classname="com.saurav.testcases.SimpleOrderTest" name="shippingPageTest" time="4.782"/>
  <system-out/>
  <testcase classname="com.saurav.testcases.SimpleOrderTest" name="paymentPageTest" time="32.059"/>
  <system-out/>
  <testcase classname="com.saurav.testcases.SimpleOrderTest" name="printOrderid" time="0.086"/>
  <system-out/>
</testsuite> <!-- com.saurav.testcases.SimpleOrderTest -->
