<?xml version="1.0" encoding="UTF-8"?>
<!-- Generated by org.testng.reporters.JUnitReportReporter -->
<testsuite hostname="HP-AB-521TX" failures="0" tests="1" name="com.saurav.SeleniumE2E.Extent_Report" time="14.206" errors="0" timestamp="2021-04-11T01:06:54 IST" skipped="0">
  <testcase classname="com.saurav.SeleniumE2E.Extent_Report" name="Google" time="14.206"/>
  <system-out/>
</testsuite> <!-- com.saurav.SeleniumE2E.Extent_Report -->
