<?xml version="1.0" encoding="UTF-8"?>
<!-- Generated by org.testng.reporters.JUnitReportReporter -->
<testsuite hostname="HP-AB-521TX" failures="0" tests="3" name="com.saurav.testcases.LoginPageTest" time="72.090" errors="0" timestamp="2021-04-13T12:10:27 IST" skipped="0">
  <testcase classname="com.saurav.testcases.LoginPageTest" name="login" time="20.095"/>
  <system-out/>
  <testcase classname="com.saurav.testcases.LoginPageTest" name="excelLogin" time="28.292"/>
  <system-out/>
  <testcase classname="com.saurav.testcases.LoginPageTest" name="excelLogin" time="23.703"/>
  <system-out/>
</testsuite> <!-- com.saurav.testcases.LoginPageTest -->
