<?xml version="1.0" encoding="UTF-8"?>
<!-- Generated by org.testng.reporters.JUnitReportReporter -->
<testsuite hostname="HP-AB-521TX" failures="0" tests="1" name="com.saurav.SeleniumE2E.GoogleTest" time="3.953" errors="0" timestamp="2021-04-11T01:06:54 IST" skipped="0">
  <testcase classname="com.saurav.SeleniumE2E.GoogleTest" name="google" time="3.953"/>
  <system-out/>
</testsuite> <!-- com.saurav.SeleniumE2E.GoogleTest -->
